Using pre-set license
Built from '2021.3/staging' branch; Version is '2021.3.21f1 (1b156197d683) revision 1774945'; Using compiler version '192829333'; Build Type 'Release'
OS: 'Windows 11  (10.0.22631) 64bit Core' Language: 'pt' Physical Memory: 16221 MB
BatchMode: 1, IsHumanControllingUs: 0, StartBugReporterOnCrash: 0, Is64bit: 1, IsPro: 1

COMMAND LINE ARGUMENTS:
C:\Program Files\Unity\Hub\Editor\2021.3.21f1\Editor\Unity.exe
-adb2
-batchMode
-noUpm
-name
AssetImportWorker1
-projectPath
C:/Users/marta/Documents/GitHub/RockPaperScissors/RockPaperScissors
-logFile
Logs/AssetImportWorker1.log
-srvPort
49888
Successfully changed project path to: C:/Users/marta/Documents/GitHub/RockPaperScissors/RockPaperScissors
C:/Users/marta/Documents/GitHub/RockPaperScissors/RockPaperScissors
[UnityMemory] Configuration Parameters - Can be set up in boot.config
    "memorysetup-bucket-allocator-granularity=16"
    "memorysetup-bucket-allocator-bucket-count=8"
    "memorysetup-bucket-allocator-block-size=33554432"
    "memorysetup-bucket-allocator-block-count=8"
    "memorysetup-main-allocator-block-size=16777216"
    "memorysetup-thread-allocator-block-size=16777216"
    "memorysetup-gfx-main-allocator-block-size=16777216"
    "memorysetup-gfx-thread-allocator-block-size=16777216"
    "memorysetup-cache-allocator-block-size=4194304"
    "memorysetup-typetree-allocator-block-size=2097152"
    "memorysetup-profiler-bucket-allocator-granularity=16"
    "memorysetup-profiler-bucket-allocator-bucket-count=8"
    "memorysetup-profiler-bucket-allocator-block-size=33554432"
    "memorysetup-profiler-bucket-allocator-block-count=8"
    "memorysetup-profiler-allocator-block-size=16777216"
    "memorysetup-profiler-editor-allocator-block-size=1048576"
    "memorysetup-temp-allocator-size-main=16777216"
    "memorysetup-job-temp-allocator-block-size=2097152"
    "memorysetup-job-temp-allocator-block-size-background=1048576"
    "memorysetup-job-temp-allocator-reduction-small-platforms=262144"
    "memorysetup-temp-allocator-size-background-worker=32768"
    "memorysetup-temp-allocator-size-job-worker=262144"
    "memorysetup-temp-allocator-size-preload-manager=33554432"
    "memorysetup-temp-allocator-size-nav-mesh-worker=65536"
    "memorysetup-temp-allocator-size-audio-worker=65536"
    "memorysetup-temp-allocator-size-cloud-worker=32768"
    "memorysetup-temp-allocator-size-gi-baking-worker=262144"
    "memorysetup-temp-allocator-size-gfx=262144"
Player connection [12416] Host "[IP] 192.168.1.209 [Port] 0 [Flags] 2 [Guid] 20203421 [EditorId] 20203421 [Version] 1048832 [Id] WindowsEditor(7,LAPTOP-H5F1OK20) [Debug] 1 [PackageName] WindowsEditor [ProjectName] Editor" joined multi-casting on [225.0.0.222:54997]...

Player connection [12416] Host "[IP] 192.168.1.209 [Port] 0 [Flags] 2 [Guid] 20203421 [EditorId] 20203421 [Version] 1048832 [Id] WindowsEditor(7,LAPTOP-H5F1OK20) [Debug] 1 [PackageName] WindowsEditor [ProjectName] Editor" joined alternative multi-casting on [225.0.0.222:34997]...

Refreshing native plugins compatible for Editor in 141.04 ms, found 4 plugins.
Preloading 0 native plugins for Editor in 0.00 ms.
Initialize engine version: 2021.3.21f1 (1b156197d683)
[Subsystems] Discovering subsystems at path C:/Program Files/Unity/Hub/Editor/2021.3.21f1/Editor/Data/Resources/UnitySubsystems
[Subsystems] Discovering subsystems at path C:/Users/marta/Documents/GitHub/RockPaperScissors/RockPaperScissors/Assets
GfxDevice: creating device client; threaded=0; jobified=0
Direct3D:
    Version:  Direct3D 11.0 [level 11.1]
    Renderer: NVIDIA GeForce GTX 1650 (ID=0x1f99)
    Vendor:   NVIDIA
    VRAM:     3962 MB
    Driver:   31.0.15.1640
Initialize mono
Mono path[0] = 'C:/Program Files/Unity/Hub/Editor/2021.3.21f1/Editor/Data/Managed'
Mono path[1] = 'C:/Program Files/Unity/Hub/Editor/2021.3.21f1/Editor/Data/MonoBleedingEdge/lib/mono/unityjit-win32'
Mono config path = 'C:/Program Files/Unity/Hub/Editor/2021.3.21f1/Editor/Data/MonoBleedingEdge/etc'
Using monoOptions --debugger-agent=transport=dt_socket,embedding=1,server=y,suspend=n,address=127.0.0.1:56684
Begin MonoManager ReloadAssembly
Registering precompiled unity dll's ...
Register platform support module: C:/Program Files/Unity/Hub/Editor/2021.3.21f1/Editor/Data/PlaybackEngines/WebGLSupport/UnityEditor.WebGL.Extensions.dll
Register platform support module: C:/Program Files/Unity/Hub/Editor/2021.3.21f1/Editor/Data/PlaybackEngines/AndroidPlayer/UnityEditor.Android.Extensions.dll
Register platform support module: C:/Program Files/Unity/Hub/Editor/2021.3.21f1/Editor/Data/PlaybackEngines/iOSSupport/UnityEditor.iOS.Extensions.dll
Register platform support module: C:/Program Files/Unity/Hub/Editor/2021.3.21f1/Editor/Data/PlaybackEngines/WindowsStandaloneSupport/UnityEditor.WindowsStandalone.Extensions.dll
Registered in 0.015510 seconds.
Native extension for WindowsStandalone target not found
[usbmuxd] Start listen thread
[usbmuxd] Listen thread started
Native extension for iOS target not found
Native extension for Android target not found
Android Extension - Scanning For ADB Devices 631 ms
Native extension for WebGL target not found
Refreshing native plugins compatible for Editor in 154.05 ms, found 4 plugins.
Preloading 0 native plugins for Editor in 0.00 ms.
Mono: successfully reloaded assembly
- Completed reload, in  1.787 seconds
Domain Reload Profiling:
	ReloadAssembly (1788ms)
		BeginReloadAssembly (141ms)
			ExecutionOrderSort (0ms)
			DisableScriptedObjects (0ms)
			BackupInstance (0ms)
			ReleaseScriptingObjects (0ms)
			CreateAndSetChildDomain (1ms)
		EndReloadAssembly (1477ms)
			LoadAssemblies (137ms)
			RebuildTransferFunctionScriptingTraits (0ms)
			SetupTypeCache (182ms)
			ReleaseScriptCaches (0ms)
			RebuildScriptCaches (50ms)
			SetupLoadedEditorAssemblies (1162ms)
				LogAssemblyErrors (0ms)
				InitializePlatformSupportModulesInManaged (788ms)
				SetLoadedEditorAssemblies (0ms)
				RefreshPlugins (154ms)
				BeforeProcessingInitializeOnLoad (1ms)
				ProcessInitializeOnLoadAttributes (125ms)
				ProcessInitializeOnLoadMethodAttributes (92ms)
				AfterProcessingInitializeOnLoad (0ms)
				EditorAssembliesLoaded (0ms)
			ExecutionOrderSort2 (0ms)
			AwakeInstancesAfterBackupRestoration (0ms)
Platform modules already initialized, skipping
Registering precompiled user dll's ...
Registered in 0.020894 seconds.
Begin MonoManager ReloadAssembly
Symbol file LoadedFromMemory doesn't match image C:\Users\marta\Documents\GitHub\RockPaperScissors\RockPaperScissors\Library\PackageCache\com.unity.visualscripting@1.8.0\Editor\VisualScripting.Core\Dependencies\YamlDotNet\Unity.VisualScripting.YamlDotNet.dll
Symbol file LoadedFromMemory doesn't match image C:\Users\marta\Documents\GitHub\RockPaperScissors\RockPaperScissors\Library\PackageCache\com.unity.visualscripting@1.8.0\Editor\VisualScripting.Core\Dependencies\DotNetZip\Unity.VisualScripting.IonicZip.dll
Native extension for WindowsStandalone target not found
Native extension for iOS target not found
Native extension for Android target not found
Native extension for WebGL target not found
Refreshing native plugins compatible for Editor in 132.02 ms, found 4 plugins.
Preloading 0 native plugins for Editor in 0.00 ms.
Mono: successfully reloaded assembly
- Completed reload, in  1.913 seconds
Domain Reload Profiling:
	ReloadAssembly (1914ms)
		BeginReloadAssembly (211ms)
			ExecutionOrderSort (0ms)
			DisableScriptedObjects (10ms)
			BackupInstance (0ms)
			ReleaseScriptingObjects (0ms)
			CreateAndSetChildDomain (31ms)
		EndReloadAssembly (1484ms)
			LoadAssemblies (212ms)
			RebuildTransferFunctionScriptingTraits (0ms)
			SetupTypeCache (409ms)
			ReleaseScriptCaches (1ms)
			RebuildScriptCaches (68ms)
			SetupLoadedEditorAssemblies (712ms)
				LogAssemblyErrors (0ms)
				InitializePlatformSupportModulesInManaged (44ms)
				SetLoadedEditorAssemblies (0ms)
				RefreshPlugins (132ms)
				BeforeProcessingInitializeOnLoad (169ms)
				ProcessInitializeOnLoadAttributes (296ms)
				ProcessInitializeOnLoadMethodAttributes (54ms)
				AfterProcessingInitializeOnLoad (17ms)
				EditorAssembliesLoaded (0ms)
			ExecutionOrderSort2 (0ms)
			AwakeInstancesAfterBackupRestoration (13ms)
Platform modules already initialized, skipping
========================================================================
Worker process is ready to serve import requests
Launched and connected shader compiler UnityShaderCompiler.exe after 0.12 seconds
Refreshing native plugins compatible for Editor in 1.16 ms, found 4 plugins.
Preloading 0 native plugins for Editor in 0.00 ms.
Unloading 3734 Unused Serialized files (Serialized files now loaded: 0)
Unloading 41 unused Assets / (229.4 KB). Loaded Objects now: 4189.
Memory consumption went from 142.7 MB to 142.4 MB.
Total: 4.614400 ms (FindLiveObjects: 0.368900 ms CreateObjectMapping: 0.323300 ms MarkObjects: 3.726900 ms  DeleteObjects: 0.194200 ms)

AssetImportParameters requested are different than current active one (requested -> active):
  custom:video-decoder-ogg-theora: a1e56fd34408186e4bbccfd4996cb3dc -> 
  custom:container-muxer-webm: aa71ff27fc2769a1b78a27578f13a17b -> 
  custom:container-demuxer-webm: 4f35f7cbe854078d1ac9338744f61a02 -> 
  custom:video-encoder-webm-vp8: eb34c28f22e8b96e1ab97ce403110664 -> 
  custom:audio-encoder-webm-vorbis: bf7c407c2cedff20999df2af8eb42d56 -> 
  custom:framework-win-MediaFoundation: 216162199b28c13a410421893ffa2e32 -> 
  custom:container-demuxer-ogg: 62fdf1f143b41e24485cea50d1cbac27 -> 
  custom:video-decoder-webm-vp8: 9c59270c3fd7afecdb556c50c9e8de78 -> 
  custom:audio-decoder-ogg-vorbis: bf7c407c2cedff20999df2af8eb42d56 -> 
========================================================================
Received Import Request.
  Time since last request: 1909.320320 seconds.
  path: Assets/Art/Backgrounds
  artifactKey: Guid(14adeb0a5e033a147b7058bc12c7d45b) Importer(815301076,1909f56bfc062723c751e8b465ee728b)
Start importing Assets/Art/Backgrounds using Guid(14adeb0a5e033a147b7058bc12c7d45b) Importer(815301076,1909f56bfc062723c751e8b465ee728b)  -> (artifact id: 'fa9c97c4951b842d747ec154471b9361') in 0.009160 seconds 
========================================================================
Received Import Request.
  Time since last request: 0.000026 seconds.
  path: Assets/Art
  artifactKey: Guid(3db3af61b0b45cf4d851787f8cbb474d) Importer(815301076,1909f56bfc062723c751e8b465ee728b)
Start importing Assets/Art using Guid(3db3af61b0b45cf4d851787f8cbb474d) Importer(815301076,1909f56bfc062723c751e8b465ee728b)  -> (artifact id: '27db7b233827d9edfbb6db952bedb90a') in 0.002870 seconds 
========================================================================
Received Import Request.
  Time since last request: 0.000041 seconds.
  path: Assets/Art/Backgrounds/base unity page 2.png
  artifactKey: Guid(13503b73c8c9c5a4ba43970658ef97ad) Importer(815301076,1909f56bfc062723c751e8b465ee728b)
Start importing Assets/Art/Backgrounds/base unity page 2.png using Guid(13503b73c8c9c5a4ba43970658ef97ad) Importer(815301076,1909f56bfc062723c751e8b465ee728b)  -> (artifact id: '66f99d0b096e5513a5a0a21c3979a4d4') in 0.301314 seconds 
========================================================================
Received Import Request.
  Time since last request: 15.522739 seconds.
  path: Assets/Art/ExportedIcons/Icon_ArrowDown.png
  artifactKey: Guid(4e0fef6d940d9f244be3334c7683d9a5) Importer(815301076,1909f56bfc062723c751e8b465ee728b)
Start importing Assets/Art/ExportedIcons/Icon_ArrowDown.png using Guid(4e0fef6d940d9f244be3334c7683d9a5) Importer(815301076,1909f56bfc062723c751e8b465ee728b)  -> (artifact id: '86ff5135f412ccc806eed13e1026da3f') in 0.042096 seconds 
========================================================================
Received Import Request.
  Time since last request: 0.000057 seconds.
  path: Assets/Art/ExportedIcons/Icon_Exclamation.png
  artifactKey: Guid(21354b4af45e60d4399beaa146124467) Importer(815301076,1909f56bfc062723c751e8b465ee728b)
Start importing Assets/Art/ExportedIcons/Icon_Exclamation.png using Guid(21354b4af45e60d4399beaa146124467) Importer(815301076,1909f56bfc062723c751e8b465ee728b)  -> (artifact id: '4c6501ee7e9205c4a259ae8913cb4f3c') in 0.030146 seconds 
========================================================================
Received Import Request.
  Time since last request: 0.000048 seconds.
  path: Assets/Art/ExportedIcons
  artifactKey: Guid(274f5bfaa84b45546b8d9d5c41c0f996) Importer(815301076,1909f56bfc062723c751e8b465ee728b)
Start importing Assets/Art/ExportedIcons using Guid(274f5bfaa84b45546b8d9d5c41c0f996) Importer(815301076,1909f56bfc062723c751e8b465ee728b)  -> (artifact id: 'a2a08ca3a915c2776d2053b58442d20b') in 0.004886 seconds 
========================================================================
Received Import Request.
  Time since last request: 0.000114 seconds.
  path: Assets/Art/ExportedIcons/Icon_Plant.png
  artifactKey: Guid(bebb48b45532e804cb144beb79f1a4e6) Importer(815301076,1909f56bfc062723c751e8b465ee728b)
Start importing Assets/Art/ExportedIcons/Icon_Plant.png using Guid(bebb48b45532e804cb144beb79f1a4e6) Importer(815301076,1909f56bfc062723c751e8b465ee728b)  -> (artifact id: '2bf8cfb699742845998c6d8de190654b') in 0.035156 seconds 
========================================================================
Received Import Request.
  Time since last request: 0.000039 seconds.
  path: Assets/Art/ExportedIcons/Icon_Pin.png
  artifactKey: Guid(11f81d66482d6474b86b859d57c3272a) Importer(815301076,1909f56bfc062723c751e8b465ee728b)
Start importing Assets/Art/ExportedIcons/Icon_Pin.png using Guid(11f81d66482d6474b86b859d57c3272a) Importer(815301076,1909f56bfc062723c751e8b465ee728b)  -> (artifact id: '511f974ea9d94ea4b29176b67f76128d') in 0.034164 seconds 
========================================================================
Received Import Request.
  Time since last request: 0.000032 seconds.
  path: Assets/Art/ExportedIcons/Icon_Beaker.png
  artifactKey: Guid(218372d3efb7fd54aa722b6f9f4ec260) Importer(815301076,1909f56bfc062723c751e8b465ee728b)
Start importing Assets/Art/ExportedIcons/Icon_Beaker.png using Guid(218372d3efb7fd54aa722b6f9f4ec260) Importer(815301076,1909f56bfc062723c751e8b465ee728b)  -> (artifact id: 'fb24c3cdbbddc964efbf987bc478353b') in 0.031697 seconds 
========================================================================
Received Import Request.
  Time since last request: 0.000041 seconds.
  path: Assets/Art/ExportedIcons/Icon_Flower.png
  artifactKey: Guid(8a45dffd0be759d43bf70c0b89ebdfed) Importer(815301076,1909f56bfc062723c751e8b465ee728b)
Start importing Assets/Art/ExportedIcons/Icon_Flower.png using Guid(8a45dffd0be759d43bf70c0b89ebdfed) Importer(815301076,1909f56bfc062723c751e8b465ee728b)  -> (artifact id: 'd9a149e1ed1e5a8d4345c1707b03316c') in 0.040172 seconds 
========================================================================
Received Import Request.
  Time since last request: 0.000053 seconds.
  path: Assets/Art/ExportedIcons/Icon_DotsHorizontal.png
  artifactKey: Guid(ee3eece575f685649ae092333b91649d) Importer(815301076,1909f56bfc062723c751e8b465ee728b)
Start importing Assets/Art/ExportedIcons/Icon_DotsHorizontal.png using Guid(ee3eece575f685649ae092333b91649d) Importer(815301076,1909f56bfc062723c751e8b465ee728b)  -> (artifact id: '1f0969ef6a490e6d916f3786a38d8d7c') in 0.030792 seconds 
========================================================================
Received Import Request.
  Time since last request: 0.000047 seconds.
  path: Assets/Art/ExportedIcons/Icon_Film.png
  artifactKey: Guid(f72784ee22ae28d44bdd12a54c7a4b5a) Importer(815301076,1909f56bfc062723c751e8b465ee728b)
Start importing Assets/Art/ExportedIcons/Icon_Film.png using Guid(f72784ee22ae28d44bdd12a54c7a4b5a) Importer(815301076,1909f56bfc062723c751e8b465ee728b)  -> (artifact id: '62cfd5d22b038a5896bd2b37833f598e') in 0.034406 seconds 
========================================================================
Received Import Request.
  Time since last request: 0.000065 seconds.
  path: Assets/Art/ExportedIcons/Icon_Globe.png
  artifactKey: Guid(1d59493552d6c384f81c4f3e8913c7b4) Importer(815301076,1909f56bfc062723c751e8b465ee728b)
Start importing Assets/Art/ExportedIcons/Icon_Globe.png using Guid(1d59493552d6c384f81c4f3e8913c7b4) Importer(815301076,1909f56bfc062723c751e8b465ee728b)  -> (artifact id: '32fddb13743d43435b8bd91f7e5c3505') in 0.032327 seconds 
========================================================================
Received Import Request.
  Time since last request: 0.000030 seconds.
  path: Assets/Art/ExportedIcons/Icon_Award.png
  artifactKey: Guid(e075096d2812a2f4e994ff3eb2e4f4d1) Importer(815301076,1909f56bfc062723c751e8b465ee728b)
Start importing Assets/Art/ExportedIcons/Icon_Award.png using Guid(e075096d2812a2f4e994ff3eb2e4f4d1) Importer(815301076,1909f56bfc062723c751e8b465ee728b)  -> (artifact id: '02db184ca1472149cb19a0bb68c2301f') in 0.028418 seconds 
========================================================================
Received Import Request.
  Time since last request: 0.000032 seconds.
  path: Assets/Art/ExportedIcons/Icon_Crown.png
  artifactKey: Guid(493ffe40f40f4a345a22a15a03f172db) Importer(815301076,1909f56bfc062723c751e8b465ee728b)
Start importing Assets/Art/ExportedIcons/Icon_Crown.png using Guid(493ffe40f40f4a345a22a15a03f172db) Importer(815301076,1909f56bfc062723c751e8b465ee728b)  -> (artifact id: '4f74d61b8bcd101bcb4a22310cd7c401') in 0.036028 seconds 
========================================================================
Received Import Request.
  Time since last request: 0.000047 seconds.
  path: Assets/Art/ExportedIcons/Icon_DontLook.png
  artifactKey: Guid(47842f1d016c6f542b29d30aee45c839) Importer(815301076,1909f56bfc062723c751e8b465ee728b)
Start importing Assets/Art/ExportedIcons/Icon_DontLook.png using Guid(47842f1d016c6f542b29d30aee45c839) Importer(815301076,1909f56bfc062723c751e8b465ee728b)  -> (artifact id: 'cb108704a9f1ddc27ffee4c5057b768e') in 0.033096 seconds 
========================================================================
Received Import Request.
  Time since last request: 0.000047 seconds.
  path: Assets/Art/ExportedIcons/Icon_DoubleArrow.png
  artifactKey: Guid(7795b21de1af7c24493804d638e412dd) Importer(815301076,1909f56bfc062723c751e8b465ee728b)
Start importing Assets/Art/ExportedIcons/Icon_DoubleArrow.png using Guid(7795b21de1af7c24493804d638e412dd) Importer(815301076,1909f56bfc062723c751e8b465ee728b)  -> (artifact id: 'c34e0e44f9de8449671c614bbb69ec64') in 0.029137 seconds 
========================================================================
Received Import Request.
  Time since last request: 0.000036 seconds.
  path: Assets/Art/ExportedIcons/Icon_Heart.png
  artifactKey: Guid(0517b02ddb1af0647be18d0790f1a37c) Importer(815301076,1909f56bfc062723c751e8b465ee728b)
Start importing Assets/Art/ExportedIcons/Icon_Heart.png using Guid(0517b02ddb1af0647be18d0790f1a37c) Importer(815301076,1909f56bfc062723c751e8b465ee728b)  -> (artifact id: 'ba76cd0cdd659d97a5392c2b3a4e6747') in 0.034678 seconds 
========================================================================
Received Import Request.
  Time since last request: 0.000058 seconds.
  path: Assets/Art/ExportedIcons/Icon_Image.png
  artifactKey: Guid(bb9e7049e2ba7d54287c384b68b8f449) Importer(815301076,1909f56bfc062723c751e8b465ee728b)
Start importing Assets/Art/ExportedIcons/Icon_Image.png using Guid(bb9e7049e2ba7d54287c384b68b8f449) Importer(815301076,1909f56bfc062723c751e8b465ee728b)  -> (artifact id: 'ec9afe28a1a482073502e380ae0e79a0') in 0.028262 seconds 
========================================================================
Received Import Request.
  Time since last request: 0.000029 seconds.
  path: Assets/Art/ExportedIcons/Icon_BatteryLow.png
  artifactKey: Guid(4f3e798a7e3aa7747842194e38ba9d2d) Importer(815301076,1909f56bfc062723c751e8b465ee728b)
Start importing Assets/Art/ExportedIcons/Icon_BatteryLow.png using Guid(4f3e798a7e3aa7747842194e38ba9d2d) Importer(815301076,1909f56bfc062723c751e8b465ee728b)  -> (artifact id: 'e863cdd70dee549342a5113864628170') in 0.028117 seconds 
========================================================================
Received Import Request.
  Time since last request: 0.000030 seconds.
  path: Assets/Art/ExportedIcons/Icon_Menu.png
  artifactKey: Guid(c40f406ffd4ff4d49a45e9d3d481c218) Importer(815301076,1909f56bfc062723c751e8b465ee728b)
Start importing Assets/Art/ExportedIcons/Icon_Menu.png using Guid(c40f406ffd4ff4d49a45e9d3d481c218) Importer(815301076,1909f56bfc062723c751e8b465ee728b)  -> (artifact id: '7b1299c68174fcc4519cce641de670f8') in 0.030083 seconds 
========================================================================
Received Import Request.
  Time since last request: 0.000038 seconds.
  path: Assets/Art/ExportedIcons/Icon_Fork.png
  artifactKey: Guid(16a4bb59eb8f4db409e27f6707c74b7a) Importer(815301076,1909f56bfc062723c751e8b465ee728b)
Start importing Assets/Art/ExportedIcons/Icon_Fork.png using Guid(16a4bb59eb8f4db409e27f6707c74b7a) Importer(815301076,1909f56bfc062723c751e8b465ee728b)  -> (artifact id: '8749fe50f97be242de221f5d65a8648c') in 0.034135 seconds 
========================================================================
Received Import Request.
  Time since last request: 0.000059 seconds.
  path: Assets/Art/ExportedIcons/Icon_Down.png
  artifactKey: Guid(f6813c6988ca0b64a92712ae2240625a) Importer(815301076,1909f56bfc062723c751e8b465ee728b)
Start importing Assets/Art/ExportedIcons/Icon_Down.png using Guid(f6813c6988ca0b64a92712ae2240625a) Importer(815301076,1909f56bfc062723c751e8b465ee728b)  -> (artifact id: 'f6e0cff60121a1dcad5fe2a79abf4779') in 0.105937 seconds 
========================================================================
Received Import Request.
  Time since last request: 0.000036 seconds.
  path: Assets/Art/ExportedIcons/Icon_DotsVertical.png
  artifactKey: Guid(c2377c028c91f6349b79da5d6dad0809) Importer(815301076,1909f56bfc062723c751e8b465ee728b)
Start importing Assets/Art/ExportedIcons/Icon_DotsVertical.png using Guid(c2377c028c91f6349b79da5d6dad0809) Importer(815301076,1909f56bfc062723c751e8b465ee728b)  -> (artifact id: 'c8dc3da974f492b6af6b049646cf188e') in 0.032440 seconds 
========================================================================
Received Import Request.
  Time since last request: 0.000044 seconds.
  path: Assets/Art/ExportedIcons/Icon_Pencil.png
  artifactKey: Guid(cf0988e626850dd4490747965ae9ac1e) Importer(815301076,1909f56bfc062723c751e8b465ee728b)
Start importing Assets/Art/ExportedIcons/Icon_Pencil.png using Guid(cf0988e626850dd4490747965ae9ac1e) Importer(815301076,1909f56bfc062723c751e8b465ee728b)  -> (artifact id: '1082f65407b85d0614c3c3f2bdf49eed') in 0.043835 seconds 
========================================================================
Received Import Request.
  Time since last request: 0.000052 seconds.
  path: Assets/Art/ExportedIcons/Icon_ArrowUp_1.png
  artifactKey: Guid(3a73d9698ae1a9948851673a361ee03e) Importer(815301076,1909f56bfc062723c751e8b465ee728b)
Start importing Assets/Art/ExportedIcons/Icon_ArrowUp_1.png using Guid(3a73d9698ae1a9948851673a361ee03e) Importer(815301076,1909f56bfc062723c751e8b465ee728b)  -> (artifact id: 'c31829fac0f01b4a775c55b4a93d750f') in 0.033630 seconds 
========================================================================
Received Import Request.
  Time since last request: 0.000040 seconds.
  path: Assets/Art/ExportedIcons/Icon_BatteryFull.png
  artifactKey: Guid(db3dc1b4d9e654a4b9a1b13651c729ae) Importer(815301076,1909f56bfc062723c751e8b465ee728b)
Start importing Assets/Art/ExportedIcons/Icon_BatteryFull.png using Guid(db3dc1b4d9e654a4b9a1b13651c729ae) Importer(815301076,1909f56bfc062723c751e8b465ee728b)  -> (artifact id: '3db67405ea9be483e0a34fb118f7f0f3') in 0.028785 seconds 
========================================================================
Received Import Request.
  Time since last request: 0.000036 seconds.
  path: Assets/Art/ExportedIcons/Icon_Look.png
  artifactKey: Guid(d9918c0683e604a478e0f03294ff91ca) Importer(815301076,1909f56bfc062723c751e8b465ee728b)
Start importing Assets/Art/ExportedIcons/Icon_Look.png using Guid(d9918c0683e604a478e0f03294ff91ca) Importer(815301076,1909f56bfc062723c751e8b465ee728b)  -> (artifact id: 'be2beb80fc5b4753adb600da6f5cdb72') in 0.039571 seconds 
========================================================================
Received Import Request.
  Time since last request: 0.000055 seconds.
  path: Assets/Art/ExportedIcons/Icon_BackPack.png
  artifactKey: Guid(f00425be19270f242aa9a71337a179d5) Importer(815301076,1909f56bfc062723c751e8b465ee728b)
Start importing Assets/Art/ExportedIcons/Icon_BackPack.png using Guid(f00425be19270f242aa9a71337a179d5) Importer(815301076,1909f56bfc062723c751e8b465ee728b)  -> (artifact id: 'e21ecd74b250a38076879b6a4ed2e6ab') in 0.033552 seconds 
========================================================================
Received Import Request.
  Time since last request: 0.000075 seconds.
  path: Assets/Art/ExportedIcons/Icon_Ghost.png
  artifactKey: Guid(e52543128835be942914effcf4b7d0b1) Importer(815301076,1909f56bfc062723c751e8b465ee728b)
Start importing Assets/Art/ExportedIcons/Icon_Ghost.png using Guid(e52543128835be942914effcf4b7d0b1) Importer(815301076,1909f56bfc062723c751e8b465ee728b)  -> (artifact id: '993bde6d095416e61364cae9f429b563') in 0.030131 seconds 
========================================================================
Received Import Request.
  Time since last request: 0.000034 seconds.
  path: Assets/Art/ExportedIcons/Icon_Mail.png
  artifactKey: Guid(93fb2173b231ac44a9c81d115648bd5f) Importer(815301076,1909f56bfc062723c751e8b465ee728b)
Start importing Assets/Art/ExportedIcons/Icon_Mail.png using Guid(93fb2173b231ac44a9c81d115648bd5f) Importer(815301076,1909f56bfc062723c751e8b465ee728b)  -> (artifact id: '648dcf91a665a13189350cc2f2a2a5e4') in 0.035564 seconds 
========================================================================
Received Import Request.
  Time since last request: 0.000044 seconds.
  path: Assets/Art/ExportedIcons/Icon_Lightning.png
  artifactKey: Guid(f58ebe3d23d7f654ca67b33cd50af209) Importer(815301076,1909f56bfc062723c751e8b465ee728b)
Start importing Assets/Art/ExportedIcons/Icon_Lightning.png using Guid(f58ebe3d23d7f654ca67b33cd50af209) Importer(815301076,1909f56bfc062723c751e8b465ee728b)  -> (artifact id: '9968b21b3af2794d81240e18d3ae2b6d') in 0.030995 seconds 
========================================================================
Received Import Request.
  Time since last request: 0.000062 seconds.
  path: Assets/Art/ExportedIcons/Icon_Exit.png
  artifactKey: Guid(af83c27c2d729a44a83d24b4920b6d9b) Importer(815301076,1909f56bfc062723c751e8b465ee728b)
Start importing Assets/Art/ExportedIcons/Icon_Exit.png using Guid(af83c27c2d729a44a83d24b4920b6d9b) Importer(815301076,1909f56bfc062723c751e8b465ee728b)  -> (artifact id: 'b48b7debe593ff3db5f9b7f0c8b65975') in 0.029414 seconds 
========================================================================
Received Import Request.
  Time since last request: 1.023933 seconds.
  path: Assets/Art/ExportedIcons/Icon_Power.png
  artifactKey: Guid(a5026836e933d534d8c3ca9a845adb28) Importer(815301076,1909f56bfc062723c751e8b465ee728b)
Start importing Assets/Art/ExportedIcons/Icon_Power.png using Guid(a5026836e933d534d8c3ca9a845adb28) Importer(815301076,1909f56bfc062723c751e8b465ee728b)  -> (artifact id: '6a8cef748befdc241ed2cf312a00fb2d') in 0.024249 seconds 
========================================================================
Received Import Request.
  Time since last request: 0.000032 seconds.
  path: Assets/Art/ExportedIcons/Icon_SoundOn.png
  artifactKey: Guid(16183d019144a0044ba625678fc5091c) Importer(815301076,1909f56bfc062723c751e8b465ee728b)
Start importing Assets/Art/ExportedIcons/Icon_SoundOn.png using Guid(16183d019144a0044ba625678fc5091c) Importer(815301076,1909f56bfc062723c751e8b465ee728b)  -> (artifact id: '75b8689e4b1c102ded42cc28903dec0f') in 0.025861 seconds 
========================================================================
Received Import Request.
  Time since last request: 0.000042 seconds.
  path: Assets/Art/ExportedIcons/Icon_Right.png
  artifactKey: Guid(663a66661a0da294fb021561b3fc6cb9) Importer(815301076,1909f56bfc062723c751e8b465ee728b)
Start importing Assets/Art/ExportedIcons/Icon_Right.png using Guid(663a66661a0da294fb021561b3fc6cb9) Importer(815301076,1909f56bfc062723c751e8b465ee728b)  -> (artifact id: '96d017828dc6e82be3cc489a3970e1fd') in 0.020150 seconds 
========================================================================
Received Import Request.
  Time since last request: 0.000027 seconds.
  path: Assets/Art/ExportedIcons/Icon_Question.png
  artifactKey: Guid(ddf66981b9ae4854b84df78eaf7c8a27) Importer(815301076,1909f56bfc062723c751e8b465ee728b)
Start importing Assets/Art/ExportedIcons/Icon_Question.png using Guid(ddf66981b9ae4854b84df78eaf7c8a27) Importer(815301076,1909f56bfc062723c751e8b465ee728b)  -> (artifact id: '98ee479da3b6330242ddf78054d31027') in 0.023196 seconds 
========================================================================
Received Import Request.
  Time since last request: 0.000032 seconds.
  path: Assets/Art/ExportedIcons/Icon_Present.png
  artifactKey: Guid(61c15ac8aaa022e4ebfbebce1d3dbb14) Importer(815301076,1909f56bfc062723c751e8b465ee728b)
Start importing Assets/Art/ExportedIcons/Icon_Present.png using Guid(61c15ac8aaa022e4ebfbebce1d3dbb14) Importer(815301076,1909f56bfc062723c751e8b465ee728b)  -> (artifact id: '5f6d523ed3787610d39e2baf81e691fa') in 0.027073 seconds 
========================================================================
Received Import Request.
  Time since last request: 0.000039 seconds.
  path: Assets/Art/ExportedIcons/Icon_SqiuareTilt.png
  artifactKey: Guid(f6581672b2ef0154fb08fda13b201d53) Importer(815301076,1909f56bfc062723c751e8b465ee728b)
Start importing Assets/Art/ExportedIcons/Icon_SqiuareTilt.png using Guid(f6581672b2ef0154fb08fda13b201d53) Importer(815301076,1909f56bfc062723c751e8b465ee728b)  -> (artifact id: 'd171bc2a9eb8e1ee23b29bae6486d9ed') in 0.024819 seconds 
========================================================================
Received Import Request.
  Time since last request: 0.000032 seconds.
  path: Assets/Art/ExportedIcons/Icon_Return.png
  artifactKey: Guid(abc712a1dba913b44acd9d48d4d8f624) Importer(815301076,1909f56bfc062723c751e8b465ee728b)
Start importing Assets/Art/ExportedIcons/Icon_Return.png using Guid(abc712a1dba913b44acd9d48d4d8f624) Importer(815301076,1909f56bfc062723c751e8b465ee728b)  -> (artifact id: 'b4bff10e6629895d89558da4b32bed47') in 0.025147 seconds 
========================================================================
Received Import Request.
  Time since last request: 0.000043 seconds.
  path: Assets/Art/ExportedIcons/Item1.png
  artifactKey: Guid(a690a4ae3b8afe5439676ba2a9a32722) Importer(815301076,1909f56bfc062723c751e8b465ee728b)
Start importing Assets/Art/ExportedIcons/Item1.png using Guid(a690a4ae3b8afe5439676ba2a9a32722) Importer(815301076,1909f56bfc062723c751e8b465ee728b)  -> (artifact id: 'd6e2c8f36114b4c0c6ec33692f7cd5ef') in 0.067781 seconds 
========================================================================
Received Import Request.
  Time since last request: 0.000041 seconds.
  path: Assets/Art/ExportedIcons/Icon_Tube.png
  artifactKey: Guid(fe22ae2a0076aac498ef12142d80ad90) Importer(815301076,1909f56bfc062723c751e8b465ee728b)
Start importing Assets/Art/ExportedIcons/Icon_Tube.png using Guid(fe22ae2a0076aac498ef12142d80ad90) Importer(815301076,1909f56bfc062723c751e8b465ee728b)  -> (artifact id: '2c5fab778af529861af77f13450d4299') in 0.025293 seconds 
========================================================================
Received Import Request.
  Time since last request: 0.000048 seconds.
  path: Assets/Art/ExportedIcons/Icon_Writing.png
  artifactKey: Guid(ce8a0cd5c3abedc48a925717e6db822e) Importer(815301076,1909f56bfc062723c751e8b465ee728b)
Start importing Assets/Art/ExportedIcons/Icon_Writing.png using Guid(ce8a0cd5c3abedc48a925717e6db822e) Importer(815301076,1909f56bfc062723c751e8b465ee728b)  -> (artifact id: 'f071343c76132ee8dbbddb7f199ebd52') in 0.027282 seconds 
========================================================================
Received Import Request.
  Time since last request: 0.000029 seconds.
  path: Assets/Art/ExportedIcons/Item2.png
  artifactKey: Guid(0b99b80e6e77eac44a9a790a86b76971) Importer(815301076,1909f56bfc062723c751e8b465ee728b)
Start importing Assets/Art/ExportedIcons/Item2.png using Guid(0b99b80e6e77eac44a9a790a86b76971) Importer(815301076,1909f56bfc062723c751e8b465ee728b)  -> (artifact id: 'db32518c405801e4b226120118f6351f') in 0.064639 seconds 
========================================================================
Received Import Request.
  Time since last request: 0.000028 seconds.
  path: Assets/Art/ExportedIcons/Icon_Up.png
  artifactKey: Guid(9f424b886ebb48843be9380c813c1cf7) Importer(815301076,1909f56bfc062723c751e8b465ee728b)
Start importing Assets/Art/ExportedIcons/Icon_Up.png using Guid(9f424b886ebb48843be9380c813c1cf7) Importer(815301076,1909f56bfc062723c751e8b465ee728b)  -> (artifact id: 'fb60d525739e777141876f8986bf08b8') in 0.021918 seconds 
========================================================================
Received Import Request.
  Time since last request: 0.000033 seconds.
  path: Assets/Art/ExportedIcons/Item5.png
  artifactKey: Guid(c68bbb15eddfbf844bbfa8965f443b7b) Importer(815301076,1909f56bfc062723c751e8b465ee728b)
Start importing Assets/Art/ExportedIcons/Item5.png using Guid(c68bbb15eddfbf844bbfa8965f443b7b) Importer(815301076,1909f56bfc062723c751e8b465ee728b)  -> (artifact id: '7cecd01add7a37ca6f60b6cfc90352d5') in 0.039895 seconds 
========================================================================
Received Import Request.
  Time since last request: 0.000033 seconds.
  path: Assets/Art/ExportedIcons/Item6.png
  artifactKey: Guid(5e9e11f5964a7724aa1f0268f7f9624e) Importer(815301076,1909f56bfc062723c751e8b465ee728b)
Start importing Assets/Art/ExportedIcons/Item6.png using Guid(5e9e11f5964a7724aa1f0268f7f9624e) Importer(815301076,1909f56bfc062723c751e8b465ee728b)  -> (artifact id: '983d2b14a6f36e9825984b9d8b08b815') in 0.039813 seconds 
========================================================================
Received Import Request.
  Time since last request: 0.028653 seconds.
  path: Assets/Art/ExportedIcons/Item7.png
  artifactKey: Guid(2ac40122220a51049bf5e9b9a3317acb) Importer(815301076,1909f56bfc062723c751e8b465ee728b)
Start importing Assets/Art/ExportedIcons/Item7.png using Guid(2ac40122220a51049bf5e9b9a3317acb) Importer(815301076,1909f56bfc062723c751e8b465ee728b)  -> (artifact id: '139d805875b0aa8c163619b24103dce7') in 0.028963 seconds 
========================================================================
Received Import Request.
  Time since last request: 9.998084 seconds.
  path: Assets/Art/ExportedIcons/Icon_Power.png
  artifactKey: Guid(a5026836e933d534d8c3ca9a845adb28) Importer(815301076,1909f56bfc062723c751e8b465ee728b)
Start importing Assets/Art/ExportedIcons/Icon_Power.png using Guid(a5026836e933d534d8c3ca9a845adb28) Importer(815301076,1909f56bfc062723c751e8b465ee728b)  -> (artifact id: 'dcd2c4d8cd717bf984b7c2fbc5841196') in 0.025731 seconds 
========================================================================
Received Import Request.
  Time since last request: 0.000030 seconds.
  path: Assets/Art/ExportedIcons/Icon_Skull.png
  artifactKey: Guid(445b584b2c346104b86b0c067e6a91c3) Importer(815301076,1909f56bfc062723c751e8b465ee728b)
Start importing Assets/Art/ExportedIcons/Icon_Skull.png using Guid(445b584b2c346104b86b0c067e6a91c3) Importer(815301076,1909f56bfc062723c751e8b465ee728b)  -> (artifact id: 'a945596fc20f0bd54c6d5c27cb2b2668') in 0.033142 seconds 
========================================================================
Received Import Request.
  Time since last request: 0.000041 seconds.
  path: Assets/Art/ExportedIcons/Icon_Add.png
  artifactKey: Guid(bcf66c677a6334b469f8cd1af1e5f6fc) Importer(815301076,1909f56bfc062723c751e8b465ee728b)
Start importing Assets/Art/ExportedIcons/Icon_Add.png using Guid(bcf66c677a6334b469f8cd1af1e5f6fc) Importer(815301076,1909f56bfc062723c751e8b465ee728b)  -> (artifact id: '765d5ba482e586c0163df1655d2e62f4') in 0.026242 seconds 
========================================================================
Received Import Request.
  Time since last request: 0.000053 seconds.
  path: Assets/Art/ExportedIcons/Item1.png
  artifactKey: Guid(a690a4ae3b8afe5439676ba2a9a32722) Importer(815301076,1909f56bfc062723c751e8b465ee728b)
Start importing Assets/Art/ExportedIcons/Item1.png using Guid(a690a4ae3b8afe5439676ba2a9a32722) Importer(815301076,1909f56bfc062723c751e8b465ee728b)  -> (artifact id: 'b2834ebab48fc1151cb1bd67e4e63401') in 0.057096 seconds 
========================================================================
Received Import Request.
  Time since last request: 0.000038 seconds.
  path: Assets/Art/ExportedIcons/Icon_Question.png
  artifactKey: Guid(ddf66981b9ae4854b84df78eaf7c8a27) Importer(815301076,1909f56bfc062723c751e8b465ee728b)
Start importing Assets/Art/ExportedIcons/Icon_Question.png using Guid(ddf66981b9ae4854b84df78eaf7c8a27) Importer(815301076,1909f56bfc062723c751e8b465ee728b)  -> (artifact id: 'e8fd5224c9ecdb419cfe201c35b87d95') in 0.022790 seconds 
========================================================================
Received Import Request.
  Time since last request: 0.000054 seconds.
  path: Assets/Art/ExportedIcons/Item4.png
  artifactKey: Guid(4e8c5859bfb3b8f469332a66670cc1f3) Importer(815301076,1909f56bfc062723c751e8b465ee728b)
Start importing Assets/Art/ExportedIcons/Item4.png using Guid(4e8c5859bfb3b8f469332a66670cc1f3) Importer(815301076,1909f56bfc062723c751e8b465ee728b)  -> (artifact id: 'd8db84eee417f5729ec176863c71a743') in 0.131655 seconds 
========================================================================
Received Import Request.
  Time since last request: 0.000037 seconds.
  path: Assets/Art/ExportedIcons/Icon_Settings.png
  artifactKey: Guid(df8047b7592b0c24ba38d43af1e2e10a) Importer(815301076,1909f56bfc062723c751e8b465ee728b)
Start importing Assets/Art/ExportedIcons/Icon_Settings.png using Guid(df8047b7592b0c24ba38d43af1e2e10a) Importer(815301076,1909f56bfc062723c751e8b465ee728b)  -> (artifact id: '7277b2944fd0a0c42de6522f883edf5d') in 0.028505 seconds 
========================================================================
Received Import Request.
  Time since last request: 0.000036 seconds.
  path: Assets/Art/ExportedIcons/Icon_Sun.png
  artifactKey: Guid(4292c0cd5139c974393fb0423abc48d7) Importer(815301076,1909f56bfc062723c751e8b465ee728b)
Start importing Assets/Art/ExportedIcons/Icon_Sun.png using Guid(4292c0cd5139c974393fb0423abc48d7) Importer(815301076,1909f56bfc062723c751e8b465ee728b)  -> (artifact id: 'de2091d56b42a7cb6a53f5d571641f9f') in 0.023261 seconds 
========================================================================
Received Import Request.
  Time since last request: 0.000037 seconds.
  path: Assets/Art/ExportedIcons/Item5.png
  artifactKey: Guid(c68bbb15eddfbf844bbfa8965f443b7b) Importer(815301076,1909f56bfc062723c751e8b465ee728b)
Start importing Assets/Art/ExportedIcons/Item5.png using Guid(c68bbb15eddfbf844bbfa8965f443b7b) Importer(815301076,1909f56bfc062723c751e8b465ee728b)  -> (artifact id: 'b4ff22938009ab93201839e0af917b0e') in 0.024860 seconds 
========================================================================
Received Import Request.
  Time since last request: 0.000056 seconds.
  path: Assets/Art/ExportedIcons/Icon_Return.png
  artifactKey: Guid(abc712a1dba913b44acd9d48d4d8f624) Importer(815301076,1909f56bfc062723c751e8b465ee728b)
Start importing Assets/Art/ExportedIcons/Icon_Return.png using Guid(abc712a1dba913b44acd9d48d4d8f624) Importer(815301076,1909f56bfc062723c751e8b465ee728b)  -> (artifact id: '3a8a7e2e3889b9aa794630b3a71bce30') in 0.022616 seconds 
========================================================================
Received Import Request.
  Time since last request: 0.000040 seconds.
  path: Assets/Art/ExportedIcons/Icon_SquareStraight.png
  artifactKey: Guid(fd8b750f3fbae914486711f4679bed90) Importer(815301076,1909f56bfc062723c751e8b465ee728b)
Start importing Assets/Art/ExportedIcons/Icon_SquareStraight.png using Guid(fd8b750f3fbae914486711f4679bed90) Importer(815301076,1909f56bfc062723c751e8b465ee728b)  -> (artifact id: '286ede2b6e197a52838c64579e06b00b') in 0.029028 seconds 
========================================================================
Received Import Request.
  Time since last request: 6.014572 seconds.
  path: Assets/Art/ExportedIcons/Icon_Lock.png
  artifactKey: Guid(d6972348a5e719643a66aa94b50f0c8b) Importer(815301076,1909f56bfc062723c751e8b465ee728b)
Start importing Assets/Art/ExportedIcons/Icon_Lock.png using Guid(d6972348a5e719643a66aa94b50f0c8b) Importer(815301076,1909f56bfc062723c751e8b465ee728b)  -> (artifact id: '01fdc28bc0612232dd0c170b06682384') in 0.025553 seconds 
========================================================================
Received Import Request.
  Time since last request: 0.000036 seconds.
  path: Assets/Art/ExportedIcons/Icon_Home.png
  artifactKey: Guid(0bb8a00e36931e94aaac43412d6bff12) Importer(815301076,1909f56bfc062723c751e8b465ee728b)
Start importing Assets/Art/ExportedIcons/Icon_Home.png using Guid(0bb8a00e36931e94aaac43412d6bff12) Importer(815301076,1909f56bfc062723c751e8b465ee728b)  -> (artifact id: '4b71dbf89f87c03e12a9d3561c1e5a24') in 0.017396 seconds 
========================================================================
Received Import Request.
  Time since last request: 0.000045 seconds.
  path: Assets/Art/ExportedIcons/Icon_Globe.png
  artifactKey: Guid(1d59493552d6c384f81c4f3e8913c7b4) Importer(815301076,1909f56bfc062723c751e8b465ee728b)
Start importing Assets/Art/ExportedIcons/Icon_Globe.png using Guid(1d59493552d6c384f81c4f3e8913c7b4) Importer(815301076,1909f56bfc062723c751e8b465ee728b)  -> (artifact id: '598db182dff3961eb37bf757d7c1992e') in 0.020962 seconds 
========================================================================
Received Import Request.
  Time since last request: 0.000050 seconds.
  path: Assets/Art/ExportedIcons/Icon_Flower.png
  artifactKey: Guid(8a45dffd0be759d43bf70c0b89ebdfed) Importer(815301076,1909f56bfc062723c751e8b465ee728b)
Start importing Assets/Art/ExportedIcons/Icon_Flower.png using Guid(8a45dffd0be759d43bf70c0b89ebdfed) Importer(815301076,1909f56bfc062723c751e8b465ee728b)  -> (artifact id: '74892b60a10a73782a6039714288f439') in 0.024249 seconds 
========================================================================
Received Import Request.
  Time since last request: 0.000036 seconds.
  path: Assets/Art/ExportedIcons/Icon_ArrowLeft.png
  artifactKey: Guid(63c0c82427f6c694da4f81922c3fe12f) Importer(815301076,1909f56bfc062723c751e8b465ee728b)
Start importing Assets/Art/ExportedIcons/Icon_ArrowLeft.png using Guid(63c0c82427f6c694da4f81922c3fe12f) Importer(815301076,1909f56bfc062723c751e8b465ee728b)  -> (artifact id: '40b7b2d73905bacf54c8198c367c1376') in 0.024890 seconds 
========================================================================
Received Import Request.
  Time since last request: 0.000063 seconds.
  path: Assets/Art/ExportedIcons/Icon_Film.png
  artifactKey: Guid(f72784ee22ae28d44bdd12a54c7a4b5a) Importer(815301076,1909f56bfc062723c751e8b465ee728b)
Start importing Assets/Art/ExportedIcons/Icon_Film.png using Guid(f72784ee22ae28d44bdd12a54c7a4b5a) Importer(815301076,1909f56bfc062723c751e8b465ee728b)  -> (artifact id: 'd3fc40e00dcbe0784be43eb1fdbfa3d0') in 0.019320 seconds 
========================================================================
Received Import Request.
  Time since last request: 0.000046 seconds.
  path: Assets/Art/ExportedIcons/Icon_PaperPlane.png
  artifactKey: Guid(5a546b34be8bf174c83433f96974c7fe) Importer(815301076,1909f56bfc062723c751e8b465ee728b)
Start importing Assets/Art/ExportedIcons/Icon_PaperPlane.png using Guid(5a546b34be8bf174c83433f96974c7fe) Importer(815301076,1909f56bfc062723c751e8b465ee728b)  -> (artifact id: 'ee00342773803644000fe06936391b00') in 0.028267 seconds 
========================================================================
Received Import Request.
  Time since last request: 0.000036 seconds.
  path: Assets/Art/ExportedIcons/Icon_Cup.png
  artifactKey: Guid(bb44f9e7b19b2b74d90f5fa968ca0238) Importer(815301076,1909f56bfc062723c751e8b465ee728b)
Start importing Assets/Art/ExportedIcons/Icon_Cup.png using Guid(bb44f9e7b19b2b74d90f5fa968ca0238) Importer(815301076,1909f56bfc062723c751e8b465ee728b)  -> (artifact id: '413ecbf4b2f46b6919f44ab0fb9b69d6') in 0.024037 seconds 
========================================================================
Received Import Request.
  Time since last request: 0.000046 seconds.
  path: Assets/Art/ExportedIcons/Icon_Heart.png
  artifactKey: Guid(0517b02ddb1af0647be18d0790f1a37c) Importer(815301076,1909f56bfc062723c751e8b465ee728b)
Start importing Assets/Art/ExportedIcons/Icon_Heart.png using Guid(0517b02ddb1af0647be18d0790f1a37c) Importer(815301076,1909f56bfc062723c751e8b465ee728b)  -> (artifact id: '1ecf4e598fd1e93abe7c2e933df73aad') in 0.023642 seconds 
========================================================================
Received Import Request.
  Time since last request: 0.000055 seconds.
  path: Assets/Art/ExportedIcons/Icon_LookingGlass.png
  artifactKey: Guid(f9fe8ec4a280bb54c904a502e1cf53f5) Importer(815301076,1909f56bfc062723c751e8b465ee728b)
Start importing Assets/Art/ExportedIcons/Icon_LookingGlass.png using Guid(f9fe8ec4a280bb54c904a502e1cf53f5) Importer(815301076,1909f56bfc062723c751e8b465ee728b)  -> (artifact id: '4f42fa2d50775c3d01107e8b9d14e0a5') in 0.020821 seconds 
========================================================================
Received Import Request.
  Time since last request: 0.000028 seconds.
  path: Assets/Art/ExportedIcons/Icon_Diamond.png
  artifactKey: Guid(444be57b0b2611744b9f02455323627e) Importer(815301076,1909f56bfc062723c751e8b465ee728b)
Start importing Assets/Art/ExportedIcons/Icon_Diamond.png using Guid(444be57b0b2611744b9f02455323627e) Importer(815301076,1909f56bfc062723c751e8b465ee728b)  -> (artifact id: '8fffe20be0a3051ba04707f747c3d52c') in 0.023382 seconds 
========================================================================
Received Import Request.
  Time since last request: 0.000039 seconds.
  path: Assets/Art/ExportedIcons/Icon_Fork.png
  artifactKey: Guid(16a4bb59eb8f4db409e27f6707c74b7a) Importer(815301076,1909f56bfc062723c751e8b465ee728b)
Start importing Assets/Art/ExportedIcons/Icon_Fork.png using Guid(16a4bb59eb8f4db409e27f6707c74b7a) Importer(815301076,1909f56bfc062723c751e8b465ee728b)  -> (artifact id: 'fdc1c8643fae06f35dedbd6f09e53303') in 0.020985 seconds 
========================================================================
Received Import Request.
  Time since last request: 0.000043 seconds.
  path: Assets/Art/ExportedIcons/Icon_Down.png
  artifactKey: Guid(f6813c6988ca0b64a92712ae2240625a) Importer(815301076,1909f56bfc062723c751e8b465ee728b)
Start importing Assets/Art/ExportedIcons/Icon_Down.png using Guid(f6813c6988ca0b64a92712ae2240625a) Importer(815301076,1909f56bfc062723c751e8b465ee728b)  -> (artifact id: 'f32c49dc1d0aef906ebd9149c445f688') in 0.020323 seconds 
========================================================================
Received Import Request.
  Time since last request: 0.000032 seconds.
  path: Assets/Art/ExportedIcons/Icon_Helix.png
  artifactKey: Guid(9bc487d287627104e86195381f432f6b) Importer(815301076,1909f56bfc062723c751e8b465ee728b)
Start importing Assets/Art/ExportedIcons/Icon_Helix.png using Guid(9bc487d287627104e86195381f432f6b) Importer(815301076,1909f56bfc062723c751e8b465ee728b)  -> (artifact id: 'b25cc0eea33746f6547ee81071931507') in 0.023049 seconds 
========================================================================
Received Import Request.
  Time since last request: 0.000093 seconds.
  path: Assets/Art/ExportedIcons/Icon_MusicOn.png
  artifactKey: Guid(2f690accbfe86bd48ae9fb291c138cd3) Importer(815301076,1909f56bfc062723c751e8b465ee728b)
Start importing Assets/Art/ExportedIcons/Icon_MusicOn.png using Guid(2f690accbfe86bd48ae9fb291c138cd3) Importer(815301076,1909f56bfc062723c751e8b465ee728b)  -> (artifact id: 'ce91b477234bae2efb11ec92f888c0f6') in 0.025371 seconds 
========================================================================
Received Import Request.
  Time since last request: 0.000052 seconds.
  path: Assets/Art/ExportedIcons/Icon_BackPack.png
  artifactKey: Guid(f00425be19270f242aa9a71337a179d5) Importer(815301076,1909f56bfc062723c751e8b465ee728b)
Start importing Assets/Art/ExportedIcons/Icon_BackPack.png using Guid(f00425be19270f242aa9a71337a179d5) Importer(815301076,1909f56bfc062723c751e8b465ee728b)  -> (artifact id: '20f4a16cf49f3b7e2ce4707e9cc3763b') in 0.022879 seconds 
========================================================================
Received Import Request.
  Time since last request: 0.000039 seconds.
  path: Assets/Art/ExportedIcons/Icon_ArrowUp.png
  artifactKey: Guid(2d832f5e7c191414b861cc42b3ed2613) Importer(815301076,1909f56bfc062723c751e8b465ee728b)
Start importing Assets/Art/ExportedIcons/Icon_ArrowUp.png using Guid(2d832f5e7c191414b861cc42b3ed2613) Importer(815301076,1909f56bfc062723c751e8b465ee728b)  -> (artifact id: '944d737169c922ff7ffb60d06cfaa991') in 0.025032 seconds 
========================================================================
Received Import Request.
  Time since last request: 0.000059 seconds.
  path: Assets/Art/ExportedIcons/Icon_Food.png
  artifactKey: Guid(f1148b05148e84e48b63f9fc0292e8a1) Importer(815301076,1909f56bfc062723c751e8b465ee728b)
Start importing Assets/Art/ExportedIcons/Icon_Food.png using Guid(f1148b05148e84e48b63f9fc0292e8a1) Importer(815301076,1909f56bfc062723c751e8b465ee728b)  -> (artifact id: 'e2716e8bbbe6f17decbd246cf5f735ae') in 0.027359 seconds 
Editor requested this worker to shutdown with reason: Scaling down because of idle timeout
AssetImportWorker is now disconnected from the server
Process exiting
Exiting without the bug reporter. Application will terminate with return code 0